<?xml version="1.0" encoding="UTF-8"?>
<testng-results ignored="0" total="1" passed="1" failed="0" skipped="0">
  <reporter-output>
  </reporter-output>
  <suite started-at="2022-04-14T07:55:26Z" name="Default suite" finished-at="2022-04-14T07:55:26Z" duration-ms="61">
    <groups>
    </groups>
    <test started-at="2022-04-14T07:55:26Z" name="Default test" finished-at="2022-04-14T07:55:26Z" duration-ms="61">
      <class name="com.jenkins.Class2Test">
        <test-method signature="test2()[pri:0, instance:com.jenkins.Class2Test@7fbdb894]" started-at="2022-04-14T07:55:26Z" name="test2" finished-at="2022-04-14T07:55:26Z" duration-ms="18" status="PASS">
          <reporter-output>
          </reporter-output>
        </test-method> <!-- test2 -->
      </class> <!-- com.jenkins.Class2Test -->
    </test> <!-- Default test -->
  </suite> <!-- Default suite -->
</testng-results>
